  [1m[35m (47.5ms)[0m  [1m[35mCREATE TABLE "schema_migrations" ("version" varchar NOT NULL PRIMARY KEY)[0m
  [1m[35m (40.3ms)[0m  [1m[35mCREATE TABLE "ar_internal_metadata" ("key" varchar NOT NULL PRIMARY KEY, "value" varchar, "created_at" datetime NOT NULL, "updated_at" datetime NOT NULL)[0m
  [1m[36mActiveRecord::SchemaMigration Load (6.6ms)[0m  [1m[34mSELECT "schema_migrations".* FROM "schema_migrations"[0m
Migrating to CreateMovies (20170124223315)
  [1m[35m (0.1ms)[0m  [1m[36mbegin transaction[0m
  [1m[35m (61.6ms)[0m  [1m[35mCREATE TABLE "movies" ("id" INTEGER PRIMARY KEY AUTOINCREMENT NOT NULL, "title" varchar, "description" text, "release_date" datetime, "created_at" datetime NOT NULL, "updated_at" datetime NOT NULL)[0m
  [1m[35mSQL (0.1ms)[0m  [1m[32mINSERT INTO "schema_migrations" ("version") VALUES (?)[0m  [["version", "20170124223315"]]
  [1m[35m (46.0ms)[0m  [1m[36mcommit transaction[0m
  [1m[36mActiveRecord::InternalMetadata Load (4.1ms)[0m  [1m[34mSELECT  "ar_internal_metadata".* FROM "ar_internal_metadata" WHERE "ar_internal_metadata"."key" = ? LIMIT ?[0m  [["key", :environment], ["LIMIT", 1]]
  [1m[35m (0.1ms)[0m  [1m[36mbegin transaction[0m
  [1m[35mSQL (19.1ms)[0m  [1m[32mINSERT INTO "ar_internal_metadata" ("key", "value", "created_at", "updated_at") VALUES (?, ?, ?, ?)[0m  [["key", "environment"], ["value", "development"], ["created_at", 2017-01-24 22:41:27 UTC], ["updated_at", 2017-01-24 22:41:27 UTC]]
  [1m[35m (62.4ms)[0m  [1m[36mcommit transaction[0m
  [1m[36mActiveRecord::SchemaMigration Load (7.0ms)[0m  [1m[34mSELECT "schema_migrations".* FROM "schema_migrations"[0m
  [1m[35m (0.1ms)[0m  [1m[36mbegin transaction[0m
  [1m[35mSQL (12.3ms)[0m  [1m[32mINSERT INTO "movies" ("title", "release_date", "created_at", "updated_at") VALUES (?, ?, ?, ?)[0m  [["title", "Star Wars"], ["release_date", 1977-04-25 00:00:00 UTC], ["created_at", 2017-01-24 22:53:45 UTC], ["updated_at", 2017-01-24 22:53:45 UTC]]
  [1m[35m (23.8ms)[0m  [1m[36mcommit transaction[0m
  [1m[35m (0.1ms)[0m  [1m[36mbegin transaction[0m
  [1m[35mSQL (26.8ms)[0m  [1m[32mINSERT INTO "movies" ("title", "release_date", "created_at", "updated_at") VALUES (?, ?, ?, ?)[0m  [["title", "Avatar"], ["release_date", 2009-12-10 00:00:00 UTC], ["created_at", 2017-01-24 22:55:00 UTC], ["updated_at", 2017-01-24 22:55:00 UTC]]
  [1m[35m (192.1ms)[0m  [1m[36mcommit transaction[0m
  [1m[35m (0.1ms)[0m  [1m[36mbegin transaction[0m
  [1m[35mSQL (19.2ms)[0m  [1m[32mINSERT INTO "movies" ("title", "created_at", "updated_at") VALUES (?, ?, ?)[0m  [["title", "Requiem for a Dream"], ["created_at", 2017-01-24 22:56:01 UTC], ["updated_at", 2017-01-24 22:56:01 UTC]]
  [1m[35m (43.0ms)[0m  [1m[36mcommit transaction[0m
  [1m[35m (0.2ms)[0m  [1m[36mbegin transaction[0m
  [1m[35mSQL (459.9ms)[0m  [1m[33mUPDATE "movies" SET "release_date" = ?, "updated_at" = ? WHERE "movies"."id" = ?[0m  [["release_date", 2012-04-30 00:00:00 UTC], ["updated_at", 2017-01-24 22:56:59 UTC], ["id", 3]]
  [1m[35m (45.3ms)[0m  [1m[36mcommit transaction[0m
  [1m[35m (7.7ms)[0m  [1m[34mSELECT COUNT(*) FROM "movies"[0m
  [1m[36mMovie Load (6.7ms)[0m  [1m[34mSELECT "movies".* FROM "movies" WHERE "movies"."title" = ?[0m  [["title", "Avatar"]]
  [1m[36mMovie Load (7.8ms)[0m  [1m[34mSELECT "movies".* FROM "movies" WHERE (release_date > '2010-10-10')[0m
  [1m[36mMovie Load (7.5ms)[0m  [1m[34mSELECT "movies".* FROM "movies" WHERE (release_date < '2010-10-10')[0m
  [1m[36mMovie Load (4.2ms)[0m  [1m[34mSELECT  "movies".* FROM "movies" WHERE "movies"."id" = ? LIMIT ?[0m  [["id", 2], ["LIMIT", 1]]
  [1m[36mMovie Load (5.0ms)[0m  [1m[34mSELECT  "movies".* FROM "movies" WHERE "movies"."id" = ? LIMIT ?[0m  [["id", -10], ["LIMIT", 1]]
  [1m[36mMovie Load (10.9ms)[0m  [1m[34mSELECT  "movies".* FROM "movies" WHERE "movies"."title" = ? LIMIT ?[0m  [["title", "Star Wars"], ["LIMIT", 1]]
  [1m[36mMovie Load (3.8ms)[0m  [1m[34mSELECT  "movies".* FROM "movies" WHERE "movies"."title" = ? LIMIT ?[0m  [["title", "Nonexistent"], ["LIMIT", 1]]
  [1m[36mMovie Load (7.0ms)[0m  [1m[34mSELECT "movies".* FROM "movies"[0m
  [1m[36mMovie Load (4.6ms)[0m  [1m[34mSELECT  "movies".* FROM "movies" WHERE "movies"."id" = ? LIMIT ?[0m  [["id", 1], ["LIMIT", 1]]
  [1m[36mMovie Load (6.2ms)[0m  [1m[34mSELECT  "movies".* FROM "movies" WHERE "movies"."id" = ? LIMIT ?[0m  [["id", 3], ["LIMIT", 1]]
  [1m[36mMovie Load (8.4ms)[0m  [1m[34mSELECT  "movies".* FROM "movies" WHERE "movies"."id" = ? LIMIT ?[0m  [["id", nil], ["LIMIT", 1]]
  [1m[36mMovie Load (4.3ms)[0m  [1m[34mSELECT "movies".* FROM "movies" WHERE "movies"."title" = ? AND "movies"."description" IS NULL[0m  [["title", "Star Wars"]]
  [1m[36mMovie Load (6.7ms)[0m  [1m[34mSELECT "movies".* FROM "movies" WHERE (title LIKE '%Ava%')[0m
  [1m[36mMovie Load (7.6ms)[0m  [1m[34mSELECT "movies".* FROM "movies"[0m
  [1m[36mMovie Load (19.3ms)[0m  [1m[34mSELECT  "movies".* FROM "movies" WHERE "movies"."id" = ? LIMIT ?[0m  [["id", 1], ["LIMIT", 1]]
  [1m[35m (0.2ms)[0m  [1m[36mbegin transaction[0m
  [1m[35mSQL (6.9ms)[0m  [1m[31mDELETE FROM "movies" WHERE "movies"."id" = ?[0m  [["id", 1]]
  [1m[35m (25.7ms)[0m  [1m[36mcommit transaction[0m
  [1m[36mActiveRecord::SchemaMigration Load (34.7ms)[0m  [1m[34mSELECT "schema_migrations".* FROM "schema_migrations"[0m
  [1m[35m (0.0ms)[0m  [1m[36mbegin transaction[0m
  [1m[35mSQL (7.1ms)[0m  [1m[32mINSERT INTO "movies" ("title", "release_date", "created_at", "updated_at") VALUES (?, ?, ?, ?)[0m  [["title", "Alladin"], ["release_date", 1992-11-25 00:00:00 UTC], ["created_at", 2017-01-24 23:35:11 UTC], ["updated_at", 2017-01-24 23:35:11 UTC]]
  [1m[35m (52.4ms)[0m  [1m[36mcommit transaction[0m
  [1m[35m (0.0ms)[0m  [1m[36mbegin transaction[0m
  [1m[35mSQL (4.9ms)[0m  [1m[32mINSERT INTO "movies" ("title", "release_date", "created_at", "updated_at") VALUES (?, ?, ?, ?)[0m  [["title", "When Harry Met Sally"], ["release_date", 1989-07-21 00:00:00 UTC], ["created_at", 2017-01-24 23:35:11 UTC], ["updated_at", 2017-01-24 23:35:11 UTC]]
  [1m[35m (56.0ms)[0m  [1m[36mcommit transaction[0m
  [1m[35m (0.0ms)[0m  [1m[36mbegin transaction[0m
  [1m[35mSQL (33.1ms)[0m  [1m[32mINSERT INTO "movies" ("title", "release_date", "created_at", "updated_at") VALUES (?, ?, ?, ?)[0m  [["title", "The Help"], ["release_date", 2011-08-10 00:00:00 UTC], ["created_at", 2017-01-24 23:35:11 UTC], ["updated_at", 2017-01-24 23:35:11 UTC]]
  [1m[35m (33.5ms)[0m  [1m[36mcommit transaction[0m
  [1m[35m (0.2ms)[0m  [1m[36mbegin transaction[0m
  [1m[35mSQL (23.7ms)[0m  [1m[32mINSERT INTO "movies" ("title", "release_date", "created_at", "updated_at") VALUES (?, ?, ?, ?)[0m  [["title", "Raiders of the Lost Ark"], ["release_date", 1981-06-12 00:00:00 UTC], ["created_at", 2017-01-24 23:35:11 UTC], ["updated_at", 2017-01-24 23:35:11 UTC]]
  [1m[35m (45.7ms)[0m  [1m[36mcommit transaction[0m
  [1m[36mMovie Load (3.7ms)[0m  [1m[34mSELECT  "movies".* FROM "movies" ORDER BY "movies"."id" DESC LIMIT ?[0m  [["LIMIT", 1]]
  [1m[36mMovie Load (5.0ms)[0m  [1m[34mSELECT "movies".* FROM "movies"[0m
  [1m[36mActiveRecord::SchemaMigration Load (3.6ms)[0m  [1m[34mSELECT "schema_migrations".* FROM "schema_migrations"[0m
Migrating to CreateProfessionals (20170124234125)
  [1m[35m (0.0ms)[0m  [1m[36mbegin transaction[0m
  [1m[35m (17.0ms)[0m  [1m[35mCREATE TABLE "professionals" ("id" INTEGER PRIMARY KEY AUTOINCREMENT NOT NULL, "name" varchar, "birthdate" datetime, "gender" varchar, "country" varchar, "type" varchar, "created_at" datetime NOT NULL, "updated_at" datetime NOT NULL)[0m
  [1m[35mSQL (1.4ms)[0m  [1m[32mINSERT INTO "schema_migrations" ("version") VALUES (?)[0m  [["version", "20170124234125"]]
  [1m[35m (32.1ms)[0m  [1m[36mcommit transaction[0m
  [1m[36mActiveRecord::InternalMetadata Load (4.4ms)[0m  [1m[34mSELECT  "ar_internal_metadata".* FROM "ar_internal_metadata" WHERE "ar_internal_metadata"."key" = ? LIMIT ?[0m  [["key", :environment], ["LIMIT", 1]]
  [1m[35m (0.0ms)[0m  [1m[36mbegin transaction[0m
  [1m[35m (0.0ms)[0m  [1m[36mcommit transaction[0m
  [1m[36mActiveRecord::SchemaMigration Load (7.8ms)[0m  [1m[34mSELECT "schema_migrations".* FROM "schema_migrations"[0m
  [1m[35m (0.1ms)[0m  [1m[36mbegin transaction[0m
  [1m[35mSQL (7.2ms)[0m  [1m[32mINSERT INTO "professionals" ("name", "gender", "type", "created_at", "updated_at") VALUES (?, ?, ?, ?, ?)[0m  [["name", "Angelina Jolie"], ["gender", "female"], ["type", "Actor"], ["created_at", 2017-01-26 21:17:27 UTC], ["updated_at", 2017-01-26 21:17:27 UTC]]
  [1m[35m (40.9ms)[0m  [1m[36mcommit transaction[0m
  [1m[35m (0.1ms)[0m  [1m[36mbegin transaction[0m
  [1m[35mSQL (15.3ms)[0m  [1m[32mINSERT INTO "professionals" ("name", "gender", "type", "created_at", "updated_at") VALUES (?, ?, ?, ?, ?)[0m  [["name", "Will Smith"], ["gender", "male"], ["type", "Actor"], ["created_at", 2017-01-26 21:17:52 UTC], ["updated_at", 2017-01-26 21:17:52 UTC]]
  [1m[35m (76.7ms)[0m  [1m[36mcommit transaction[0m
  [1m[35m (0.1ms)[0m  [1m[36mbegin transaction[0m
  [1m[35mSQL (35.1ms)[0m  [1m[32mINSERT INTO "professionals" ("name", "gender", "type", "created_at", "updated_at") VALUES (?, ?, ?, ?, ?)[0m  [["name", "Quentin Tarantino"], ["gender", "male"], ["type", "Director"], ["created_at", 2017-01-26 21:18:34 UTC], ["updated_at", 2017-01-26 21:18:34 UTC]]
  [1m[35m (87.4ms)[0m  [1m[36mcommit transaction[0m
  [1m[35m (5.0ms)[0m  [1m[34mSELECT COUNT(*) FROM "professionals" WHERE "professionals"."type" IN ('Actor')[0m
  [1m[35m (6.4ms)[0m  [1m[34mSELECT COUNT(*) FROM "professionals" WHERE "professionals"."type" IN ('Director')[0m
  [1m[35m (7.2ms)[0m  [1m[34mSELECT COUNT(*) FROM "professionals"[0m
  [1m[36mProfessional Load (5.3ms)[0m  [1m[34mSELECT "professionals".* FROM "professionals" WHERE "professionals"."gender" = ?[0m  [["gender", "male"]]
  [1m[36mActor Load (5.1ms)[0m  [1m[34mSELECT "professionals".* FROM "professionals" WHERE "professionals"."type" IN ('Actor') AND "professionals"."gender" = ?[0m  [["gender", "male"]]
  [1m[36mActiveRecord::SchemaMigration Load (4.3ms)[0m  [1m[34mSELECT "schema_migrations".* FROM "schema_migrations"[0m
  [1m[35m (3.4ms)[0m  [1m[34mSELECT "ar_internal_metadata"."value" FROM "ar_internal_metadata" WHERE "ar_internal_metadata"."key" = ?[0m  [["key", :environment]]
  [1m[36mActiveRecord::SchemaMigration Load (4.2ms)[0m  [1m[34mSELECT "schema_migrations".* FROM "schema_migrations"[0m
  [1m[35m (3.9ms)[0m  [1m[34mSELECT "ar_internal_metadata"."value" FROM "ar_internal_metadata" WHERE "ar_internal_metadata"."key" = ?[0m  [["key", :environment]]
  [1m[36mActiveRecord::SchemaMigration Load (3.1ms)[0m  [1m[34mSELECT "schema_migrations".* FROM "schema_migrations"[0m
  [1m[35m (3.7ms)[0m  [1m[34mSELECT "ar_internal_metadata"."value" FROM "ar_internal_metadata" WHERE "ar_internal_metadata"."key" = ?[0m  [["key", :environment]]
  [1m[35m (24.7ms)[0m  [1m[35mCREATE TABLE "schema_migrations" ("version" varchar NOT NULL PRIMARY KEY)[0m
  [1m[35m (62.6ms)[0m  [1m[35mCREATE TABLE "ar_internal_metadata" ("key" varchar NOT NULL PRIMARY KEY, "value" varchar, "created_at" datetime NOT NULL, "updated_at" datetime NOT NULL)[0m
  [1m[36mActiveRecord::SchemaMigration Load (2.4ms)[0m  [1m[34mSELECT "schema_migrations".* FROM "schema_migrations"[0m
Migrating to CreateMovies (20170124223315)
  [1m[35m (0.0ms)[0m  [1m[36mbegin transaction[0m
  [1m[35m (5.1ms)[0m  [1m[35mCREATE TABLE "movies" ("id" INTEGER PRIMARY KEY AUTOINCREMENT NOT NULL, "title" varchar, "description" text, "release_date" datetime, "created_at" datetime NOT NULL, "updated_at" datetime NOT NULL)[0m
  [1m[35mSQL (0.2ms)[0m  [1m[32mINSERT INTO "schema_migrations" ("version") VALUES (?)[0m  [["version", "20170124223315"]]
  [1m[35m (40.1ms)[0m  [1m[36mcommit transaction[0m
Migrating to CreateProfessionals (20170124234125)
  [1m[35m (0.1ms)[0m  [1m[36mbegin transaction[0m
  [1m[35m (5.1ms)[0m  [1m[35mCREATE TABLE "professionals" ("id" INTEGER PRIMARY KEY AUTOINCREMENT NOT NULL, "name" varchar, "birthdate" datetime, "gender" varchar, "country" varchar, "type" varchar, "created_at" datetime NOT NULL, "updated_at" datetime NOT NULL)[0m
  [1m[35mSQL (0.1ms)[0m  [1m[32mINSERT INTO "schema_migrations" ("version") VALUES (?)[0m  [["version", "20170124234125"]]
  [1m[35m (37.0ms)[0m  [1m[36mcommit transaction[0m
  [1m[36mActiveRecord::InternalMetadata Load (3.7ms)[0m  [1m[34mSELECT  "ar_internal_metadata".* FROM "ar_internal_metadata" WHERE "ar_internal_metadata"."key" = ? LIMIT ?[0m  [["key", :environment], ["LIMIT", 1]]
  [1m[35m (0.1ms)[0m  [1m[36mbegin transaction[0m
  [1m[35mSQL (5.7ms)[0m  [1m[32mINSERT INTO "ar_internal_metadata" ("key", "value", "created_at", "updated_at") VALUES (?, ?, ?, ?)[0m  [["key", "environment"], ["value", "development"], ["created_at", 2017-01-26 21:33:59 UTC], ["updated_at", 2017-01-26 21:33:59 UTC]]
  [1m[35m (78.2ms)[0m  [1m[36mcommit transaction[0m
  [1m[36mActiveRecord::SchemaMigration Load (6.6ms)[0m  [1m[34mSELECT "schema_migrations".* FROM "schema_migrations"[0m
  [1m[36mActiveRecord::SchemaMigration Load (3.9ms)[0m  [1m[34mSELECT "schema_migrations".* FROM "schema_migrations"[0m
  [1m[35m (0.1ms)[0m  [1m[36mbegin transaction[0m
  [1m[35mSQL (9.3ms)[0m  [1m[32mINSERT INTO "professionals" ("name", "birthdate", "gender", "type", "created_at", "updated_at") VALUES (?, ?, ?, ?, ?, ?)[0m  [["name", "Angelina Jolie"], ["birthdate", 1985-03-07 00:00:00 UTC], ["gender", "female"], ["type", "Actor"], ["created_at", 2017-01-26 21:33:59 UTC], ["updated_at", 2017-01-26 21:33:59 UTC]]
  [1m[35m (28.8ms)[0m  [1m[36mcommit transaction[0m
  [1m[35m (0.1ms)[0m  [1m[36mbegin transaction[0m
  [1m[35mSQL (10.2ms)[0m  [1m[32mINSERT INTO "professionals" ("name", "birthdate", "gender", "type", "created_at", "updated_at") VALUES (?, ?, ?, ?, ?, ?)[0m  [["name", "Will Smith"], ["birthdate", 1975-06-16 00:00:00 UTC], ["gender", "male"], ["type", "Actor"], ["created_at", 2017-01-26 21:33:59 UTC], ["updated_at", 2017-01-26 21:33:59 UTC]]
  [1m[35m (62.8ms)[0m  [1m[36mcommit transaction[0m
  [1m[35m (0.1ms)[0m  [1m[36mbegin transaction[0m
  [1m[35mSQL (6.2ms)[0m  [1m[32mINSERT INTO "professionals" ("name", "birthdate", "gender", "type", "created_at", "updated_at") VALUES (?, ?, ?, ?, ?, ?)[0m  [["name", "Margot Robbie"], ["birthdate", 1965-01-08 00:00:00 UTC], ["gender", "female"], ["type", "Actor"], ["created_at", 2017-01-26 21:33:59 UTC], ["updated_at", 2017-01-26 21:33:59 UTC]]
  [1m[35m (38.0ms)[0m  [1m[36mcommit transaction[0m
  [1m[35m (0.1ms)[0m  [1m[36mbegin transaction[0m
  [1m[35mSQL (8.2ms)[0m  [1m[32mINSERT INTO "professionals" ("name", "birthdate", "gender", "type", "created_at", "updated_at") VALUES (?, ?, ?, ?, ?, ?)[0m  [["name", "Quentin Tarantino"], ["birthdate", 1952-09-25 00:00:00 UTC], ["gender", "male"], ["type", "Director"], ["created_at", 2017-01-26 21:33:59 UTC], ["updated_at", 2017-01-26 21:33:59 UTC]]
  [1m[35m (53.3ms)[0m  [1m[36mcommit transaction[0m
  [1m[35m (0.1ms)[0m  [1m[36mbegin transaction[0m
  [1m[35mSQL (5.4ms)[0m  [1m[32mINSERT INTO "professionals" ("name", "birthdate", "gender", "type", "created_at", "updated_at") VALUES (?, ?, ?, ?, ?, ?)[0m  [["name", "Mel Gibson"], ["birthdate", 1936-01-03 00:00:00 UTC], ["gender", "male"], ["type", "Director"], ["created_at", 2017-01-26 21:33:59 UTC], ["updated_at", 2017-01-26 21:33:59 UTC]]
  [1m[35m (77.0ms)[0m  [1m[36mcommit transaction[0m
  [1m[35m (0.1ms)[0m  [1m[36mbegin transaction[0m
  [1m[35mSQL (5.7ms)[0m  [1m[32mINSERT INTO "movies" ("title", "release_date", "created_at", "updated_at") VALUES (?, ?, ?, ?)[0m  [["title", "Alladin"], ["release_date", 1992-11-25 00:00:00 UTC], ["created_at", 2017-01-26 21:33:59 UTC], ["updated_at", 2017-01-26 21:33:59 UTC]]
  [1m[35m (44.1ms)[0m  [1m[36mcommit transaction[0m
  [1m[35m (0.0ms)[0m  [1m[36mbegin transaction[0m
  [1m[35mSQL (10.6ms)[0m  [1m[32mINSERT INTO "movies" ("title", "release_date", "created_at", "updated_at") VALUES (?, ?, ?, ?)[0m  [["title", "When Harry Met Sally"], ["release_date", 1989-07-21 00:00:00 UTC], ["created_at", 2017-01-26 21:33:59 UTC], ["updated_at", 2017-01-26 21:33:59 UTC]]
  [1m[35m (43.0ms)[0m  [1m[36mcommit transaction[0m
  [1m[35m (0.3ms)[0m  [1m[36mbegin transaction[0m
  [1m[35mSQL (4.5ms)[0m  [1m[32mINSERT INTO "movies" ("title", "release_date", "created_at", "updated_at") VALUES (?, ?, ?, ?)[0m  [["title", "The Help"], ["release_date", 2011-08-10 00:00:00 UTC], ["created_at", 2017-01-26 21:33:59 UTC], ["updated_at", 2017-01-26 21:33:59 UTC]]
  [1m[35m (71.0ms)[0m  [1m[36mcommit transaction[0m
  [1m[35m (0.0ms)[0m  [1m[36mbegin transaction[0m
  [1m[35mSQL (5.5ms)[0m  [1m[32mINSERT INTO "movies" ("title", "release_date", "created_at", "updated_at") VALUES (?, ?, ?, ?)[0m  [["title", "Raiders of the Lost Ark"], ["release_date", 1981-06-12 00:00:00 UTC], ["created_at", 2017-01-26 21:34:00 UTC], ["updated_at", 2017-01-26 21:34:00 UTC]]
  [1m[35m (69.3ms)[0m  [1m[36mcommit transaction[0m
  [1m[35m (4.3ms)[0m  [1m[34mSELECT COUNT(*) FROM "professionals" WHERE "professionals"."type" IN ('Director')[0m
  [1m[35m (4.3ms)[0m  [1m[34mSELECT COUNT(*) FROM "movies"[0m
  [1m[36mDirector Load (5.4ms)[0m  [1m[34mSELECT "professionals".* FROM "professionals" WHERE "professionals"."type" IN ('Director') AND "professionals"."name" = ?[0m  [["name", "Mel Gibson"]]
  [1m[36mDirector Load (8.3ms)[0m  [1m[34mSELECT "professionals".* FROM "professionals" WHERE "professionals"."type" IN ('Director') AND (name LIKE '%Mel Gibson%')[0m
  [1m[36mDirector Load (4.3ms)[0m  [1m[34mSELECT "professionals".* FROM "professionals" WHERE "professionals"."type" IN ('Director') AND (name LIKE '%Me%')[0m
